<?xml version="1.0" encoding="utf-8"?>
<!DOCTYPE coverage SYSTEM "http://cobertura.sourceforge.net/xml/coverage-04.dtd">
<coverage line-rate="0.971428571428571" branch-rate="1" lines-covered="34" lines-valid="35" branches-covered="6" branches-valid="6" complexity="10" version="0" timestamp="1760526974">
  <sources>
    <source>C:\Users\Student3\</source>
  </sources>
  <packages>
    <package name="TestProject1" line-rate="0.971428571428571" branch-rate="1" complexity="10">
      <classes>
        <class name="AutoGeneratedProgram" filename="C:\Users\Student3\.nuget\packages\microsoft.net.test.sdk\17.1.0\build\netcoreapp2.1\Microsoft.NET.Test.Sdk.Program.cs" line-rate="0" branch-rate="1" complexity="1">
          <methods>
            <method name="Main" signature="(...)" line-rate="0" branch-rate="1" complexity="1">
              <lines>
                <line number="4" hits="0" branch="false" />
              </lines>
            </method>
          </methods>
          <lines>
            <line number="4" hits="0" branch="false" />
          </lines>
        </class>
        <class name="TestProject1.TestCalculator" filename="C:\Users\Student3\Desktop\DevOps\08-Exercise-CI-CD-GitHub-Actions-Resources\08-Exercise-CI-CD-GitHub-Actions-Resources\06-SeleniumWebDriver\TestProject1\TestCalculator.cs" line-rate="1" branch-rate="1" complexity="9">
          <methods>
            <method name="SetUp" signature="()" line-rate="1" branch-rate="1" complexity="1">
              <lines>
                <line number="22" hits="1" branch="false" />
                <line number="23" hits="1" branch="false" />
                <line number="24" hits="1" branch="false" />
                <line number="25" hits="1" branch="false" />
                <line number="27" hits="1" branch="false" />
                <line number="28" hits="1" branch="false" />
                <line number="29" hits="1" branch="false" />
                <line number="30" hits="1" branch="false" />
                <line number="31" hits="1" branch="false" />
                <line number="32" hits="1" branch="false" />
                <line number="33" hits="1" branch="false" />
              </lines>
            </method>
            <method name="TearDown" signature="()" line-rate="1" branch-rate="1" complexity="1">
              <lines>
                <line number="37" hits="1" branch="false" />
                <line number="38" hits="1" branch="false" />
                <line number="39" hits="1" branch="false" />
              </lines>
            </method>
            <method name="PerformCalculation" signature="(...)" line-rate="1" branch-rate="1" complexity="6">
              <lines>
                <line number="43" hits="5" branch="false" />
                <line number="45" hits="5" branch="false" />
                <line number="48" hits="5" branch="true" condition-coverage="100% (2/2)" />
                <line number="49" hits="5" branch="false" />
                <line number="50" hits="5" branch="false" />
                <line number="51" hits="5" branch="false" />
                <line number="53" hits="5" branch="true" condition-coverage="100% (2/2)" />
                <line number="54" hits="5" branch="false" />
                <line number="55" hits="5" branch="false" />
                <line number="56" hits="5" branch="false" />
                <line number="58" hits="5" branch="true" condition-coverage="100% (2/2)" />
                <line number="59" hits="5" branch="false" />
                <line number="60" hits="5" branch="false" />
                <line number="61" hits="5" branch="false" />
                <line number="64" hits="5" branch="false" />
                <line number="67" hits="5" branch="false" />
                <line number="68" hits="5" branch="false" />
              </lines>
            </method>
            <method name="TestNumberCalculator" signature="(...)" line-rate="1" branch-rate="1" complexity="1">
              <lines>
                <line number="78" hits="5" branch="false" />
                <line number="79" hits="5" branch="false" />
                <line number="80" hits="5" branch="false" />
              </lines>
            </method>
          </methods>
          <lines>
            <line number="22" hits="1" branch="false" />
            <line number="23" hits="1" branch="false" />
            <line number="24" hits="1" branch="false" />
            <line number="25" hits="1" branch="false" />
            <line number="27" hits="1" branch="false" />
            <line number="28" hits="1" branch="false" />
            <line number="29" hits="1" branch="false" />
            <line number="30" hits="1" branch="false" />
            <line number="31" hits="1" branch="false" />
            <line number="32" hits="1" branch="false" />
            <line number="33" hits="1" branch="false" />
            <line number="37" hits="1" branch="false" />
            <line number="38" hits="1" branch="false" />
            <line number="39" hits="1" branch="false" />
            <line number="43" hits="5" branch="false" />
            <line number="45" hits="5" branch="false" />
            <line number="48" hits="5" branch="true" condition-coverage="100% (2/2)" />
            <line number="49" hits="5" branch="false" />
            <line number="50" hits="5" branch="false" />
            <line number="51" hits="5" branch="false" />
            <line number="53" hits="5" branch="true" condition-coverage="100% (2/2)" />
            <line number="54" hits="5" branch="false" />
            <line number="55" hits="5" branch="false" />
            <line number="56" hits="5" branch="false" />
            <line number="58" hits="5" branch="true" condition-coverage="100% (2/2)" />
            <line number="59" hits="5" branch="false" />
            <line number="60" hits="5" branch="false" />
            <line number="61" hits="5" branch="false" />
            <line number="64" hits="5" branch="false" />
            <line number="67" hits="5" branch="false" />
            <line number="68" hits="5" branch="false" />
            <line number="78" hits="5" branch="false" />
            <line number="79" hits="5" branch="false" />
            <line number="80" hits="5" branch="false" />
          </lines>
        </class>
      </classes>
    </package>
  </packages>
</coverage>